<?xml version="1.0" encoding="UTF-8"?>
<!-- Generated by org.testng.reporters.JUnitReportReporter -->
<testsuite hostname="DALSXS4439" name="twitterTest.TesttwitLoginPage" tests="1" failures="0" timestamp="24 Sep 2016 05:12:50 GMT" time="5.081" errors="0">
  <testcase name="doLogin" time="5.081" classname="twitterTest.TesttwitLoginPage"/>
</testsuite> <!-- twitterTest.TesttwitLoginPage -->
