<?xml version="1.0" encoding="UTF-8"?>
<!-- Generated by org.testng.reporters.JUnitReportReporter -->
<testsuite hostname="DALSXS4439" name="twitterTest.Test1" tests="1" failures="0" timestamp="11 Sep 2016 02:59:31 GMT" time="0.002" errors="1">
  <testcase name="doLogin" time="0.002" classname="twitterTest.Test1"/>
</testsuite> <!-- twitterTest.Test1 -->
