<?xml version="1.0" encoding="UTF-8"?>
<!-- Generated by org.testng.reporters.JUnitReportReporter -->
<testsuite hostname="DALSXS4439" name="twitterTest.Test2" tests="1" failures="0" timestamp="11 Sep 2016 02:57:43 GMT" time="0.013" errors="0">
  <testcase name="doTest" time="0.013" classname="twitterTest.Test2"/>
</testsuite> <!-- twitterTest.Test2 -->
